2020-11-28 14:48:06.765 [background-preinit] [INFO ] [org.hibernate.validator.internal.util.Version] - HV000001: Hibernate Validator 6.1.6.Final
2020-11-28 14:48:06.880 [main] [INFO ] [com.example.demo.DemoApplication] - Starting DemoApplication using Java 1.8.0_152 on Lin-PC with PID 3760 (C:\Users\Lin\Desktop\demo\target\classes started by Lin in C:\Users\Lin\Desktop\demo)
2020-11-28 14:48:06.882 [main] [INFO ] [com.example.demo.DemoApplication] - No active profile set, falling back to default profiles: default
2020-11-28 14:48:09.508 [main] [INFO ] [io.undertow.servlet] - Initializing Spring embedded WebApplicationContext
2020-11-28 14:48:09.510 [main] [INFO ] [o.s.b.w.s.c.ServletWebServerApplicationContext] - Root WebApplicationContext: initialization completed in 2306 ms
2020-11-28 14:48:10.221 [main] [INFO ] [o.s.scheduling.concurrent.ThreadPoolTaskScheduler] - Initializing ExecutorService 'configTaskScheduler'
2020-11-28 14:48:10.558 [main] [INFO ] [o.s.scheduling.concurrent.ThreadPoolTaskExecutor] - Initializing ExecutorService 'applicationTaskExecutor'
2020-11-28 14:48:11.166 [main] [INFO ] [o.s.b.actuate.endpoint.web.EndpointLinksResolver] - Exposing 14 endpoint(s) beneath base path '/actuator'
2020-11-28 14:48:11.219 [main] [INFO ] [io.undertow] - starting server: Undertow - 2.2.2.Final
2020-11-28 14:48:11.234 [main] [INFO ] [org.xnio] - XNIO version 3.8.0.Final
2020-11-28 14:48:11.248 [main] [INFO ] [org.xnio.nio] - XNIO NIO Implementation Version 3.8.0.Final
2020-11-28 14:48:11.341 [main] [INFO ] [org.jboss.threads] - JBoss Threads version 3.1.0.Final
2020-11-28 14:48:11.423 [main] [INFO ] [o.s.boot.web.embedded.undertow.UndertowWebServer] - Undertow started on port(s) 9000 (http)
2020-11-28 14:48:11.472 [main] [INFO ] [com.example.demo.DemoApplication] - Started DemoApplication in 6.237 seconds (JVM running for 7.041)
2020-11-28 14:48:11.477 [main] [INFO ] [com.example.demo.service.InitService] - InitService : init database
2020-11-28 14:48:16.464 [configTaskScheduler-1] [INFO ] [com.example.demo.service.ScheduleService] - schedule : save user list to database
2020-11-28 14:49:56.470 [configTaskScheduler-1] [INFO ] [com.example.demo.service.ScheduleService] - schedule : save user list to database
2020-11-28 14:51:36.473 [configTaskScheduler-2] [INFO ] [com.example.demo.service.ScheduleService] - schedule : save user list to database
2020-11-28 14:53:16.478 [configTaskScheduler-1] [INFO ] [com.example.demo.service.ScheduleService] - schedule : save user list to database
2020-11-28 14:54:56.484 [configTaskScheduler-3] [INFO ] [com.example.demo.service.ScheduleService] - schedule : save user list to database
2020-11-28 14:56:36.489 [configTaskScheduler-2] [INFO ] [com.example.demo.service.ScheduleService] - schedule : save user list to database
2020-11-28 14:58:16.495 [configTaskScheduler-4] [INFO ] [com.example.demo.service.ScheduleService] - schedule : save user list to database
2020-11-28 14:59:56.501 [configTaskScheduler-1] [INFO ] [com.example.demo.service.ScheduleService] - schedule : save user list to database
2020-11-28 15:01:36.506 [configTaskScheduler-5] [INFO ] [com.example.demo.service.ScheduleService] - schedule : save user list to database
2020-11-28 15:03:16.509 [configTaskScheduler-3] [INFO ] [com.example.demo.service.ScheduleService] - schedule : save user list to database
2020-11-28 15:04:56.515 [configTaskScheduler-6] [INFO ] [com.example.demo.service.ScheduleService] - schedule : save user list to database
2020-11-28 15:06:36.520 [configTaskScheduler-6] [INFO ] [com.example.demo.service.ScheduleService] - schedule : save user list to database
2020-11-28 15:08:16.526 [configTaskScheduler-7] [INFO ] [com.example.demo.service.ScheduleService] - schedule : save user list to database
2020-11-28 15:09:56.532 [configTaskScheduler-7] [INFO ] [com.example.demo.service.ScheduleService] - schedule : save user list to database
2020-11-28 15:11:36.538 [configTaskScheduler-7] [INFO ] [com.example.demo.service.ScheduleService] - schedule : save user list to database
2020-11-28 15:13:16.544 [configTaskScheduler-7] [INFO ] [com.example.demo.service.ScheduleService] - schedule : save user list to database
2020-11-28 15:14:56.552 [configTaskScheduler-7] [INFO ] [com.example.demo.service.ScheduleService] - schedule : save user list to database
2020-11-28 15:16:36.559 [configTaskScheduler-7] [INFO ] [com.example.demo.service.ScheduleService] - schedule : save user list to database
2020-11-28 15:18:16.565 [configTaskScheduler-10] [INFO ] [com.example.demo.service.ScheduleService] - schedule : save user list to database
2020-11-28 15:19:56.569 [configTaskScheduler-3] [INFO ] [com.example.demo.service.ScheduleService] - schedule : save user list to database
2020-11-28 15:21:36.574 [configTaskScheduler-2] [INFO ] [com.example.demo.service.ScheduleService] - schedule : save user list to database
2020-11-28 15:23:16.580 [configTaskScheduler-6] [INFO ] [com.example.demo.service.ScheduleService] - schedule : save user list to database
2020-11-28 15:24:56.586 [configTaskScheduler-6] [INFO ] [com.example.demo.service.ScheduleService] - schedule : save user list to database
2020-11-28 15:26:36.591 [configTaskScheduler-6] [INFO ] [com.example.demo.service.ScheduleService] - schedule : save user list to database
2020-11-28 15:28:16.597 [configTaskScheduler-6] [INFO ] [com.example.demo.service.ScheduleService] - schedule : save user list to database
2020-11-28 15:29:56.603 [configTaskScheduler-6] [INFO ] [com.example.demo.service.ScheduleService] - schedule : save user list to database
2020-11-28 15:31:36.608 [configTaskScheduler-6] [INFO ] [com.example.demo.service.ScheduleService] - schedule : save user list to database
2020-11-28 15:33:16.614 [configTaskScheduler-7] [INFO ] [com.example.demo.service.ScheduleService] - schedule : save user list to database
2020-11-28 15:34:56.618 [configTaskScheduler-10] [INFO ] [com.example.demo.service.ScheduleService] - schedule : save user list to database
2020-11-28 15:36:36.624 [configTaskScheduler-3] [INFO ] [com.example.demo.service.ScheduleService] - schedule : save user list to database
2020-11-28 15:38:16.629 [configTaskScheduler-3] [INFO ] [com.example.demo.service.ScheduleService] - schedule : save user list to database
2020-11-28 15:39:56.635 [configTaskScheduler-3] [INFO ] [com.example.demo.service.ScheduleService] - schedule : save user list to database
2020-11-28 15:41:36.640 [configTaskScheduler-3] [INFO ] [com.example.demo.service.ScheduleService] - schedule : save user list to database
2020-11-28 15:43:16.646 [configTaskScheduler-3] [INFO ] [com.example.demo.service.ScheduleService] - schedule : save user list to database
2020-11-28 15:44:56.652 [configTaskScheduler-3] [INFO ] [com.example.demo.service.ScheduleService] - schedule : save user list to database
2020-11-28 15:46:36.658 [configTaskScheduler-3] [INFO ] [com.example.demo.service.ScheduleService] - schedule : save user list to database
2020-11-28 15:48:16.664 [configTaskScheduler-6] [INFO ] [com.example.demo.service.ScheduleService] - schedule : save user list to database
2020-11-28 15:49:56.669 [configTaskScheduler-7] [INFO ] [com.example.demo.service.ScheduleService] - schedule : save user list to database
2020-11-28 15:51:36.675 [configTaskScheduler-10] [INFO ] [com.example.demo.service.ScheduleService] - schedule : save user list to database
2020-11-28 15:53:16.680 [configTaskScheduler-2] [INFO ] [com.example.demo.service.ScheduleService] - schedule : save user list to database
2020-11-28 15:54:56.686 [configTaskScheduler-2] [INFO ] [com.example.demo.service.ScheduleService] - schedule : save user list to database
2020-11-28 15:56:36.691 [configTaskScheduler-2] [INFO ] [com.example.demo.service.ScheduleService] - schedule : save user list to database
2020-11-28 15:58:16.697 [configTaskScheduler-2] [INFO ] [com.example.demo.service.ScheduleService] - schedule : save user list to database
2020-11-28 15:59:56.703 [configTaskScheduler-2] [INFO ] [com.example.demo.service.ScheduleService] - schedule : save user list to database
2020-11-28 16:01:36.709 [configTaskScheduler-2] [INFO ] [com.example.demo.service.ScheduleService] - schedule : save user list to database
2020-11-28 16:03:16.715 [configTaskScheduler-2] [INFO ] [com.example.demo.service.ScheduleService] - schedule : save user list to database
2020-11-28 16:04:56.721 [configTaskScheduler-2] [INFO ] [com.example.demo.service.ScheduleService] - schedule : save user list to database
2020-11-28 16:06:36.727 [configTaskScheduler-7] [INFO ] [com.example.demo.service.ScheduleService] - schedule : save user list to database
2020-11-28 16:08:16.733 [configTaskScheduler-10] [INFO ] [com.example.demo.service.ScheduleService] - schedule : save user list to database
2020-11-28 16:09:56.740 [configTaskScheduler-10] [INFO ] [com.example.demo.service.ScheduleService] - schedule : save user list to database
2020-11-28 16:11:36.745 [configTaskScheduler-10] [INFO ] [com.example.demo.service.ScheduleService] - schedule : save user list to database
2020-11-28 16:13:16.751 [configTaskScheduler-10] [INFO ] [com.example.demo.service.ScheduleService] - schedule : save user list to database
2020-11-28 16:14:56.756 [configTaskScheduler-10] [INFO ] [com.example.demo.service.ScheduleService] - schedule : save user list to database
2020-11-28 16:16:36.761 [configTaskScheduler-10] [INFO ] [com.example.demo.service.ScheduleService] - schedule : save user list to database
2020-11-28 16:18:16.768 [configTaskScheduler-3] [INFO ] [com.example.demo.service.ScheduleService] - schedule : save user list to database
2020-11-28 16:19:56.771 [configTaskScheduler-3] [INFO ] [com.example.demo.service.ScheduleService] - schedule : save user list to database
2020-11-28 16:21:36.776 [configTaskScheduler-2] [INFO ] [com.example.demo.service.ScheduleService] - schedule : save user list to database
2020-11-28 16:23:16.782 [configTaskScheduler-7] [INFO ] [com.example.demo.service.ScheduleService] - schedule : save user list to database
2020-11-28 16:24:56.788 [configTaskScheduler-7] [INFO ] [com.example.demo.service.ScheduleService] - schedule : save user list to database
2020-11-28 16:26:36.793 [configTaskScheduler-7] [INFO ] [com.example.demo.service.ScheduleService] - schedule : save user list to database
2020-11-28 16:28:16.799 [configTaskScheduler-7] [INFO ] [com.example.demo.service.ScheduleService] - schedule : save user list to database
2020-11-28 16:29:56.804 [configTaskScheduler-7] [INFO ] [com.example.demo.service.ScheduleService] - schedule : save user list to database
2020-11-28 16:31:36.809 [configTaskScheduler-7] [INFO ] [com.example.demo.service.ScheduleService] - schedule : save user list to database
2020-11-28 16:33:16.816 [configTaskScheduler-7] [INFO ] [com.example.demo.service.ScheduleService] - schedule : save user list to database
2020-11-28 16:34:56.822 [configTaskScheduler-7] [INFO ] [com.example.demo.service.ScheduleService] - schedule : save user list to database
2020-11-28 16:36:36.828 [configTaskScheduler-3] [INFO ] [com.example.demo.service.ScheduleService] - schedule : save user list to database
2020-11-28 16:38:16.834 [configTaskScheduler-3] [INFO ] [com.example.demo.service.ScheduleService] - schedule : save user list to database
2020-11-28 16:39:56.840 [configTaskScheduler-3] [INFO ] [com.example.demo.service.ScheduleService] - schedule : save user list to database
2020-11-28 16:41:36.846 [configTaskScheduler-3] [INFO ] [com.example.demo.service.ScheduleService] - schedule : save user list to database
2020-11-28 16:43:16.851 [configTaskScheduler-1] [INFO ] [com.example.demo.service.ScheduleService] - schedule : save user list to database
2020-11-28 16:44:56.856 [configTaskScheduler-1] [INFO ] [com.example.demo.service.ScheduleService] - schedule : save user list to database
2020-11-28 16:46:36.862 [configTaskScheduler-1] [INFO ] [com.example.demo.service.ScheduleService] - schedule : save user list to database
2020-11-28 16:48:16.868 [configTaskScheduler-1] [INFO ] [com.example.demo.service.ScheduleService] - schedule : save user list to database
2020-11-28 16:49:56.874 [configTaskScheduler-1] [INFO ] [com.example.demo.service.ScheduleService] - schedule : save user list to database
2020-11-28 16:51:36.879 [configTaskScheduler-1] [INFO ] [com.example.demo.service.ScheduleService] - schedule : save user list to database
2020-11-28 16:53:16.885 [configTaskScheduler-1] [INFO ] [com.example.demo.service.ScheduleService] - schedule : save user list to database
2020-11-28 16:54:56.891 [configTaskScheduler-1] [INFO ] [com.example.demo.service.ScheduleService] - schedule : save user list to database
2020-11-28 16:56:36.897 [configTaskScheduler-1] [INFO ] [com.example.demo.service.ScheduleService] - schedule : save user list to database
2020-11-28 16:58:16.902 [configTaskScheduler-1] [INFO ] [com.example.demo.service.ScheduleService] - schedule : save user list to database
2020-11-28 16:59:56.908 [configTaskScheduler-1] [INFO ] [com.example.demo.service.ScheduleService] - schedule : save user list to database
2020-11-28 17:01:36.913 [configTaskScheduler-1] [INFO ] [com.example.demo.service.ScheduleService] - schedule : save user list to database
2020-11-28 17:03:16.919 [configTaskScheduler-1] [INFO ] [com.example.demo.service.ScheduleService] - schedule : save user list to database
2020-11-28 17:04:56.924 [configTaskScheduler-1] [INFO ] [com.example.demo.service.ScheduleService] - schedule : save user list to database
2020-11-28 17:06:36.930 [configTaskScheduler-1] [INFO ] [com.example.demo.service.ScheduleService] - schedule : save user list to database
2020-11-28 17:08:16.936 [configTaskScheduler-1] [INFO ] [com.example.demo.service.ScheduleService] - schedule : save user list to database
2020-11-28 17:09:56.941 [configTaskScheduler-1] [INFO ] [com.example.demo.service.ScheduleService] - schedule : save user list to database
2020-11-28 17:11:36.947 [configTaskScheduler-1] [INFO ] [com.example.demo.service.ScheduleService] - schedule : save user list to database
2020-11-28 17:13:16.952 [configTaskScheduler-1] [INFO ] [com.example.demo.service.ScheduleService] - schedule : save user list to database
2020-11-28 17:14:56.958 [configTaskScheduler-1] [INFO ] [com.example.demo.service.ScheduleService] - schedule : save user list to database
2020-11-28 17:16:36.963 [configTaskScheduler-1] [INFO ] [com.example.demo.service.ScheduleService] - schedule : save user list to database
2020-11-28 17:18:16.969 [configTaskScheduler-1] [INFO ] [com.example.demo.service.ScheduleService] - schedule : save user list to database
2020-11-28 17:19:56.975 [configTaskScheduler-6] [INFO ] [com.example.demo.service.ScheduleService] - schedule : save user list to database
2020-11-28 17:21:36.980 [configTaskScheduler-6] [INFO ] [com.example.demo.service.ScheduleService] - schedule : save user list to database
2020-11-28 17:23:16.986 [configTaskScheduler-6] [INFO ] [com.example.demo.service.ScheduleService] - schedule : save user list to database
2020-11-28 17:24:56.991 [configTaskScheduler-6] [INFO ] [com.example.demo.service.ScheduleService] - schedule : save user list to database
2020-11-28 17:26:36.997 [configTaskScheduler-6] [INFO ] [com.example.demo.service.ScheduleService] - schedule : save user list to database
2020-11-28 17:28:17.003 [configTaskScheduler-6] [INFO ] [com.example.demo.service.ScheduleService] - schedule : save user list to database
2020-11-28 17:29:57.008 [configTaskScheduler-6] [INFO ] [com.example.demo.service.ScheduleService] - schedule : save user list to database
2020-11-28 17:31:37.014 [configTaskScheduler-6] [INFO ] [com.example.demo.service.ScheduleService] - schedule : save user list to database
2020-11-28 17:33:17.020 [configTaskScheduler-6] [INFO ] [com.example.demo.service.ScheduleService] - schedule : save user list to database
2020-11-28 17:34:57.025 [configTaskScheduler-6] [INFO ] [com.example.demo.service.ScheduleService] - schedule : save user list to database
2020-11-28 17:36:37.030 [configTaskScheduler-7] [INFO ] [com.example.demo.service.ScheduleService] - schedule : save user list to database
2020-11-28 17:38:17.035 [configTaskScheduler-7] [INFO ] [com.example.demo.service.ScheduleService] - schedule : save user list to database
2020-11-28 17:39:57.041 [configTaskScheduler-7] [INFO ] [com.example.demo.service.ScheduleService] - schedule : save user list to database
2020-11-28 17:41:37.046 [configTaskScheduler-7] [INFO ] [com.example.demo.service.ScheduleService] - schedule : save user list to database
2020-11-28 17:43:17.052 [configTaskScheduler-7] [INFO ] [com.example.demo.service.ScheduleService] - schedule : save user list to database
2020-11-28 17:44:57.057 [configTaskScheduler-7] [INFO ] [com.example.demo.service.ScheduleService] - schedule : save user list to database
2020-11-28 17:46:37.063 [configTaskScheduler-7] [INFO ] [com.example.demo.service.ScheduleService] - schedule : save user list to database
2020-11-28 17:48:17.069 [configTaskScheduler-7] [INFO ] [com.example.demo.service.ScheduleService] - schedule : save user list to database
2020-11-28 17:49:57.074 [configTaskScheduler-7] [INFO ] [com.example.demo.service.ScheduleService] - schedule : save user list to database
2020-11-28 17:51:37.080 [configTaskScheduler-6] [INFO ] [com.example.demo.service.ScheduleService] - schedule : save user list to database
2020-11-28 17:53:17.086 [configTaskScheduler-2] [INFO ] [com.example.demo.service.ScheduleService] - schedule : save user list to database
2020-11-28 17:54:57.092 [configTaskScheduler-2] [INFO ] [com.example.demo.service.ScheduleService] - schedule : save user list to database
2020-11-28 17:56:37.099 [configTaskScheduler-2] [INFO ] [com.example.demo.service.ScheduleService] - schedule : save user list to database
2020-11-28 17:58:17.104 [configTaskScheduler-3] [INFO ] [com.example.demo.service.ScheduleService] - schedule : save user list to database
2020-11-28 17:59:57.109 [configTaskScheduler-3] [INFO ] [com.example.demo.service.ScheduleService] - schedule : save user list to database
2020-11-28 18:01:37.114 [configTaskScheduler-3] [INFO ] [com.example.demo.service.ScheduleService] - schedule : save user list to database
2020-11-28 18:03:17.120 [configTaskScheduler-10] [INFO ] [com.example.demo.service.ScheduleService] - schedule : save user list to database
2020-11-28 18:04:57.126 [configTaskScheduler-10] [INFO ] [com.example.demo.service.ScheduleService] - schedule : save user list to database
2020-11-28 18:06:37.131 [configTaskScheduler-7] [INFO ] [com.example.demo.service.ScheduleService] - schedule : save user list to database
2020-11-28 18:08:17.137 [configTaskScheduler-6] [INFO ] [com.example.demo.service.ScheduleService] - schedule : save user list to database
2020-11-28 18:09:57.143 [configTaskScheduler-4] [INFO ] [com.example.demo.service.ScheduleService] - schedule : save user list to database
2020-11-28 18:11:37.149 [configTaskScheduler-8] [INFO ] [com.example.demo.service.ScheduleService] - schedule : save user list to database
2020-11-28 18:13:17.154 [configTaskScheduler-8] [INFO ] [com.example.demo.service.ScheduleService] - schedule : save user list to database
2020-11-28 18:14:57.160 [configTaskScheduler-8] [INFO ] [com.example.demo.service.ScheduleService] - schedule : save user list to database
2020-11-28 18:16:37.166 [configTaskScheduler-8] [INFO ] [com.example.demo.service.ScheduleService] - schedule : save user list to database
2020-11-28 18:18:17.171 [configTaskScheduler-8] [INFO ] [com.example.demo.service.ScheduleService] - schedule : save user list to database
2020-11-28 18:19:57.177 [configTaskScheduler-8] [INFO ] [com.example.demo.service.ScheduleService] - schedule : save user list to database
2020-11-28 18:21:37.183 [configTaskScheduler-8] [INFO ] [com.example.demo.service.ScheduleService] - schedule : save user list to database
2020-11-28 18:23:17.189 [configTaskScheduler-7] [INFO ] [com.example.demo.service.ScheduleService] - schedule : save user list to database
2020-11-28 18:24:57.195 [configTaskScheduler-6] [INFO ] [com.example.demo.service.ScheduleService] - schedule : save user list to database
2020-11-28 18:26:37.200 [configTaskScheduler-6] [INFO ] [com.example.demo.service.ScheduleService] - schedule : save user list to database
2020-11-28 18:28:17.206 [configTaskScheduler-6] [INFO ] [com.example.demo.service.ScheduleService] - schedule : save user list to database
2020-11-28 18:29:57.211 [configTaskScheduler-6] [INFO ] [com.example.demo.service.ScheduleService] - schedule : save user list to database
2020-11-28 18:31:37.216 [configTaskScheduler-6] [INFO ] [com.example.demo.service.ScheduleService] - schedule : save user list to database
2020-11-28 18:33:17.222 [configTaskScheduler-3] [INFO ] [com.example.demo.service.ScheduleService] - schedule : save user list to database
2020-11-28 18:34:57.228 [configTaskScheduler-3] [INFO ] [com.example.demo.service.ScheduleService] - schedule : save user list to database
2020-11-28 18:36:37.233 [configTaskScheduler-10] [INFO ] [com.example.demo.service.ScheduleService] - schedule : save user list to database
2020-11-28 18:38:17.239 [configTaskScheduler-8] [INFO ] [com.example.demo.service.ScheduleService] - schedule : save user list to database
2020-11-28 18:39:57.244 [configTaskScheduler-8] [INFO ] [com.example.demo.service.ScheduleService] - schedule : save user list to database
2020-11-28 18:41:37.249 [configTaskScheduler-8] [INFO ] [com.example.demo.service.ScheduleService] - schedule : save user list to database
2020-11-28 18:43:17.255 [configTaskScheduler-8] [INFO ] [com.example.demo.service.ScheduleService] - schedule : save user list to database
2020-11-28 18:44:57.261 [configTaskScheduler-8] [INFO ] [com.example.demo.service.ScheduleService] - schedule : save user list to database
2020-11-28 18:46:37.266 [configTaskScheduler-8] [INFO ] [com.example.demo.service.ScheduleService] - schedule : save user list to database
2020-11-28 18:48:17.271 [configTaskScheduler-8] [INFO ] [com.example.demo.service.ScheduleService] - schedule : save user list to database
2020-11-28 18:49:57.276 [configTaskScheduler-8] [INFO ] [com.example.demo.service.ScheduleService] - schedule : save user list to database
2020-11-28 18:51:37.282 [configTaskScheduler-3] [INFO ] [com.example.demo.service.ScheduleService] - schedule : save user list to database
2020-11-28 18:53:17.287 [configTaskScheduler-3] [INFO ] [com.example.demo.service.ScheduleService] - schedule : save user list to database
2020-11-28 18:54:57.293 [configTaskScheduler-7] [INFO ] [com.example.demo.service.ScheduleService] - schedule : save user list to database
2020-11-28 18:56:37.298 [configTaskScheduler-7] [INFO ] [com.example.demo.service.ScheduleService] - schedule : save user list to database
2020-11-28 18:58:17.303 [configTaskScheduler-2] [INFO ] [com.example.demo.service.ScheduleService] - schedule : save user list to database
2020-11-28 18:59:57.309 [configTaskScheduler-2] [INFO ] [com.example.demo.service.ScheduleService] - schedule : save user list to database
2020-11-28 19:01:37.314 [configTaskScheduler-2] [INFO ] [com.example.demo.service.ScheduleService] - schedule : save user list to database
2020-11-28 19:03:17.319 [configTaskScheduler-6] [INFO ] [com.example.demo.service.ScheduleService] - schedule : save user list to database
2020-11-28 19:04:57.325 [configTaskScheduler-6] [INFO ] [com.example.demo.service.ScheduleService] - schedule : save user list to database
2020-11-28 19:06:37.341 [configTaskScheduler-6] [INFO ] [com.example.demo.service.ScheduleService] - schedule : save user list to database
2020-11-28 19:08:17.348 [configTaskScheduler-10] [INFO ] [com.example.demo.service.ScheduleService] - schedule : save user list to database
2020-11-28 19:09:57.353 [configTaskScheduler-10] [INFO ] [com.example.demo.service.ScheduleService] - schedule : save user list to database
2020-11-28 19:11:37.359 [configTaskScheduler-10] [INFO ] [com.example.demo.service.ScheduleService] - schedule : save user list to database
2020-11-28 19:13:17.365 [configTaskScheduler-7] [INFO ] [com.example.demo.service.ScheduleService] - schedule : save user list to database
2020-11-28 19:14:57.370 [configTaskScheduler-7] [INFO ] [com.example.demo.service.ScheduleService] - schedule : save user list to database
2020-11-28 19:16:37.376 [configTaskScheduler-7] [INFO ] [com.example.demo.service.ScheduleService] - schedule : save user list to database
2020-11-28 19:18:17.382 [configTaskScheduler-2] [INFO ] [com.example.demo.service.ScheduleService] - schedule : save user list to database
2020-11-28 19:19:57.388 [configTaskScheduler-2] [INFO ] [com.example.demo.service.ScheduleService] - schedule : save user list to database
2020-11-28 19:21:37.394 [configTaskScheduler-2] [INFO ] [com.example.demo.service.ScheduleService] - schedule : save user list to database
2020-11-28 19:23:17.399 [configTaskScheduler-6] [INFO ] [com.example.demo.service.ScheduleService] - schedule : save user list to database
2020-11-28 19:24:57.404 [configTaskScheduler-3] [INFO ] [com.example.demo.service.ScheduleService] - schedule : save user list to database
2020-11-28 19:26:37.409 [configTaskScheduler-3] [INFO ] [com.example.demo.service.ScheduleService] - schedule : save user list to database
2020-11-28 19:28:17.415 [configTaskScheduler-10] [INFO ] [com.example.demo.service.ScheduleService] - schedule : save user list to database
2020-11-28 19:29:57.420 [configTaskScheduler-10] [INFO ] [com.example.demo.service.ScheduleService] - schedule : save user list to database
2020-11-28 19:31:37.425 [configTaskScheduler-10] [INFO ] [com.example.demo.service.ScheduleService] - schedule : save user list to database
2020-11-28 19:33:17.430 [configTaskScheduler-7] [INFO ] [com.example.demo.service.ScheduleService] - schedule : save user list to database
2020-11-28 19:34:57.436 [configTaskScheduler-7] [INFO ] [com.example.demo.service.ScheduleService] - schedule : save user list to database
2020-11-28 19:36:37.441 [configTaskScheduler-7] [INFO ] [com.example.demo.service.ScheduleService] - schedule : save user list to database
2020-11-28 19:38:17.447 [configTaskScheduler-2] [INFO ] [com.example.demo.service.ScheduleService] - schedule : save user list to database
2020-11-28 19:39:57.452 [configTaskScheduler-6] [INFO ] [com.example.demo.service.ScheduleService] - schedule : save user list to database
2020-11-28 19:41:37.457 [configTaskScheduler-6] [INFO ] [com.example.demo.service.ScheduleService] - schedule : save user list to database
2020-11-28 19:43:17.463 [configTaskScheduler-3] [INFO ] [com.example.demo.service.ScheduleService] - schedule : save user list to database
2020-11-28 19:44:57.469 [configTaskScheduler-3] [INFO ] [com.example.demo.service.ScheduleService] - schedule : save user list to database
2020-11-28 19:46:37.475 [configTaskScheduler-3] [INFO ] [com.example.demo.service.ScheduleService] - schedule : save user list to database
2020-11-28 19:48:17.480 [configTaskScheduler-10] [INFO ] [com.example.demo.service.ScheduleService] - schedule : save user list to database
2020-11-28 19:49:57.482 [configTaskScheduler-10] [INFO ] [com.example.demo.service.ScheduleService] - schedule : save user list to database
2020-11-28 19:51:37.488 [configTaskScheduler-10] [INFO ] [com.example.demo.service.ScheduleService] - schedule : save user list to database
2020-11-28 19:53:07.349 [XNIO-1 task-1] [INFO ] [io.undertow.servlet] - Initializing Spring DispatcherServlet 'dispatcherServlet'
2020-11-28 19:53:07.351 [XNIO-1 task-1] [INFO ] [org.springframework.web.servlet.DispatcherServlet] - Initializing Servlet 'dispatcherServlet'
2020-11-28 19:53:07.355 [XNIO-1 task-1] [INFO ] [org.springframework.web.servlet.DispatcherServlet] - Completed initialization in 3 ms
2020-11-28 19:53:07.513 [XNIO-1 task-1] [INFO ] [com.example.demo.aop.AuditAspect] - receive POST request on uri /api/v1/users/1 to create_user
2020-11-28 19:53:07.578 [XNIO-1 task-1] [INFO ] [com.example.demo.aop.AuditAspect] - after POST request on uri /api/v1/users/1, consume 70ms, throw User already exist
2020-11-28 19:53:17.493 [configTaskScheduler-10] [INFO ] [com.example.demo.service.ScheduleService] - schedule : save user list to database
2020-11-28 19:54:57.498 [configTaskScheduler-2] [INFO ] [com.example.demo.service.ScheduleService] - schedule : save user list to database
2020-11-28 19:56:37.500 [configTaskScheduler-2] [INFO ] [com.example.demo.service.ScheduleService] - schedule : save user list to database
2020-11-28 19:57:40.899 [XNIO-1 task-1] [INFO ] [com.example.demo.aop.AuditAspect] - receive POST request on uri /api/v1/users/3 to create_user
2020-11-28 19:57:40.901 [XNIO-1 task-1] [INFO ] [com.example.demo.aop.AuditAspect] - after POST request on uri /api/v1/users/3 return, consume 2ms
2020-11-28 19:57:49.546 [XNIO-1 task-1] [INFO ] [com.example.demo.aop.AuditAspect] - receive POST request on uri /api/v1/users/3 to create_user
2020-11-28 19:57:49.549 [XNIO-1 task-1] [INFO ] [com.example.demo.aop.AuditAspect] - after POST request on uri /api/v1/users/3, consume 3ms, throw User already exist
2020-11-28 19:58:17.503 [configTaskScheduler-6] [INFO ] [com.example.demo.service.ScheduleService] - schedule : save user list to database
2020-11-28 19:59:57.505 [configTaskScheduler-6] [INFO ] [com.example.demo.service.ScheduleService] - schedule : save user list to database
2020-11-28 20:01:37.508 [configTaskScheduler-6] [INFO ] [com.example.demo.service.ScheduleService] - schedule : save user list to database
2020-11-28 20:03:17.511 [configTaskScheduler-3] [INFO ] [com.example.demo.service.ScheduleService] - schedule : save user list to database
2020-11-28 20:04:57.514 [configTaskScheduler-3] [INFO ] [com.example.demo.service.ScheduleService] - schedule : save user list to database
2020-11-28 20:06:37.518 [configTaskScheduler-3] [INFO ] [com.example.demo.service.ScheduleService] - schedule : save user list to database
2020-11-28 20:08:17.521 [configTaskScheduler-7] [INFO ] [com.example.demo.service.ScheduleService] - schedule : save user list to database
2020-11-28 20:09:57.523 [configTaskScheduler-7] [INFO ] [com.example.demo.service.ScheduleService] - schedule : save user list to database
2020-11-28 20:11:37.525 [configTaskScheduler-7] [INFO ] [com.example.demo.service.ScheduleService] - schedule : save user list to database
2020-11-28 20:13:17.529 [configTaskScheduler-2] [INFO ] [com.example.demo.service.ScheduleService] - schedule : save user list to database
2020-11-28 20:14:57.532 [configTaskScheduler-2] [INFO ] [com.example.demo.service.ScheduleService] - schedule : save user list to database
2020-11-28 20:16:37.533 [configTaskScheduler-2] [INFO ] [com.example.demo.service.ScheduleService] - schedule : save user list to database
2020-11-28 20:18:17.537 [configTaskScheduler-6] [INFO ] [com.example.demo.service.ScheduleService] - schedule : save user list to database
2020-11-28 20:19:57.542 [configTaskScheduler-6] [INFO ] [com.example.demo.service.ScheduleService] - schedule : save user list to database
2020-11-28 20:21:37.546 [configTaskScheduler-6] [INFO ] [com.example.demo.service.ScheduleService] - schedule : save user list to database
2020-11-28 20:23:17.549 [configTaskScheduler-3] [INFO ] [com.example.demo.service.ScheduleService] - schedule : save user list to database
2020-11-28 20:24:57.552 [configTaskScheduler-3] [INFO ] [com.example.demo.service.ScheduleService] - schedule : save user list to database
2020-11-28 20:26:37.555 [configTaskScheduler-3] [INFO ] [com.example.demo.service.ScheduleService] - schedule : save user list to database
2020-11-28 20:28:17.558 [configTaskScheduler-3] [INFO ] [com.example.demo.service.ScheduleService] - schedule : save user list to database
2020-11-28 20:29:57.560 [configTaskScheduler-3] [INFO ] [com.example.demo.service.ScheduleService] - schedule : save user list to database
2020-11-28 20:31:37.564 [configTaskScheduler-3] [INFO ] [com.example.demo.service.ScheduleService] - schedule : save user list to database
2020-11-28 20:33:17.567 [configTaskScheduler-2] [INFO ] [com.example.demo.service.ScheduleService] - schedule : save user list to database
2020-11-28 20:34:57.569 [configTaskScheduler-2] [INFO ] [com.example.demo.service.ScheduleService] - schedule : save user list to database
2020-11-28 20:36:37.572 [configTaskScheduler-2] [INFO ] [com.example.demo.service.ScheduleService] - schedule : save user list to database
2020-11-28 20:38:17.575 [configTaskScheduler-6] [INFO ] [com.example.demo.service.ScheduleService] - schedule : save user list to database
2020-11-28 20:39:57.578 [configTaskScheduler-10] [INFO ] [com.example.demo.service.ScheduleService] - schedule : save user list to database
2020-11-28 20:41:37.581 [configTaskScheduler-10] [INFO ] [com.example.demo.service.ScheduleService] - schedule : save user list to database
2020-11-28 20:43:17.584 [configTaskScheduler-7] [INFO ] [com.example.demo.service.ScheduleService] - schedule : save user list to database
2020-11-28 20:44:57.587 [configTaskScheduler-7] [INFO ] [com.example.demo.service.ScheduleService] - schedule : save user list to database
2020-11-28 20:46:37.590 [configTaskScheduler-7] [INFO ] [com.example.demo.service.ScheduleService] - schedule : save user list to database
2020-11-28 20:48:17.593 [configTaskScheduler-3] [INFO ] [com.example.demo.service.ScheduleService] - schedule : save user list to database
2020-11-28 20:49:57.596 [configTaskScheduler-3] [INFO ] [com.example.demo.service.ScheduleService] - schedule : save user list to database
2020-11-28 20:51:37.598 [configTaskScheduler-3] [INFO ] [com.example.demo.service.ScheduleService] - schedule : save user list to database
2020-11-28 20:53:17.601 [configTaskScheduler-2] [INFO ] [com.example.demo.service.ScheduleService] - schedule : save user list to database
2020-11-28 20:54:57.605 [configTaskScheduler-6] [INFO ] [com.example.demo.service.ScheduleService] - schedule : save user list to database
2020-11-28 20:56:37.608 [configTaskScheduler-6] [INFO ] [com.example.demo.service.ScheduleService] - schedule : save user list to database
2020-11-28 20:58:17.611 [configTaskScheduler-10] [INFO ] [com.example.demo.service.ScheduleService] - schedule : save user list to database
2020-11-28 20:59:57.614 [configTaskScheduler-10] [INFO ] [com.example.demo.service.ScheduleService] - schedule : save user list to database
2020-11-28 21:01:37.617 [configTaskScheduler-10] [INFO ] [com.example.demo.service.ScheduleService] - schedule : save user list to database
2020-11-28 21:03:17.619 [configTaskScheduler-10] [INFO ] [com.example.demo.service.ScheduleService] - schedule : save user list to database
2020-11-28 21:04:57.625 [configTaskScheduler-10] [INFO ] [com.example.demo.service.ScheduleService] - schedule : save user list to database
2020-11-28 21:06:37.628 [configTaskScheduler-10] [INFO ] [com.example.demo.service.ScheduleService] - schedule : save user list to database
2020-11-28 21:08:17.631 [configTaskScheduler-3] [INFO ] [com.example.demo.service.ScheduleService] - schedule : save user list to database
2020-11-28 21:09:57.635 [configTaskScheduler-2] [INFO ] [com.example.demo.service.ScheduleService] - schedule : save user list to database
2020-11-28 21:11:37.638 [configTaskScheduler-2] [INFO ] [com.example.demo.service.ScheduleService] - schedule : save user list to database
2020-11-28 21:13:17.642 [configTaskScheduler-6] [INFO ] [com.example.demo.service.ScheduleService] - schedule : save user list to database
2020-11-28 21:14:57.646 [configTaskScheduler-6] [INFO ] [com.example.demo.service.ScheduleService] - schedule : save user list to database
2020-11-28 21:16:37.649 [configTaskScheduler-6] [INFO ] [com.example.demo.service.ScheduleService] - schedule : save user list to database
2020-11-28 21:18:17.652 [configTaskScheduler-7] [INFO ] [com.example.demo.service.ScheduleService] - schedule : save user list to database
2020-11-28 21:19:57.656 [configTaskScheduler-7] [INFO ] [com.example.demo.service.ScheduleService] - schedule : save user list to database
2020-11-28 21:21:37.659 [configTaskScheduler-7] [INFO ] [com.example.demo.service.ScheduleService] - schedule : save user list to database
2020-11-28 21:23:17.662 [configTaskScheduler-7] [INFO ] [com.example.demo.service.ScheduleService] - schedule : save user list to database
2020-11-28 21:24:57.666 [configTaskScheduler-3] [INFO ] [com.example.demo.service.ScheduleService] - schedule : save user list to database
2020-11-28 21:26:37.672 [configTaskScheduler-3] [INFO ] [com.example.demo.service.ScheduleService] - schedule : save user list to database
2020-11-28 21:28:17.677 [configTaskScheduler-3] [INFO ] [com.example.demo.service.ScheduleService] - schedule : save user list to database
2020-11-28 21:29:57.682 [configTaskScheduler-3] [INFO ] [com.example.demo.service.ScheduleService] - schedule : save user list to database
2020-11-28 21:31:37.687 [configTaskScheduler-3] [INFO ] [com.example.demo.service.ScheduleService] - schedule : save user list to database
2020-11-28 21:33:17.692 [configTaskScheduler-3] [INFO ] [com.example.demo.service.ScheduleService] - schedule : save user list to database
2020-11-28 21:34:57.697 [configTaskScheduler-3] [INFO ] [com.example.demo.service.ScheduleService] - schedule : save user list to database
2020-11-28 21:36:37.702 [configTaskScheduler-3] [INFO ] [com.example.demo.service.ScheduleService] - schedule : save user list to database
2020-11-28 21:38:17.708 [configTaskScheduler-10] [INFO ] [com.example.demo.service.ScheduleService] - schedule : save user list to database
2020-11-28 21:39:57.713 [configTaskScheduler-7] [INFO ] [com.example.demo.service.ScheduleService] - schedule : save user list to database
2020-11-28 21:41:37.717 [configTaskScheduler-7] [INFO ] [com.example.demo.service.ScheduleService] - schedule : save user list to database
2020-11-28 21:43:17.722 [configTaskScheduler-7] [INFO ] [com.example.demo.service.ScheduleService] - schedule : save user list to database
2020-11-28 21:44:57.727 [configTaskScheduler-7] [INFO ] [com.example.demo.service.ScheduleService] - schedule : save user list to database
2020-11-28 21:46:37.732 [configTaskScheduler-7] [INFO ] [com.example.demo.service.ScheduleService] - schedule : save user list to database
2020-11-28 21:48:17.738 [configTaskScheduler-6] [INFO ] [com.example.demo.service.ScheduleService] - schedule : save user list to database
2020-11-28 21:49:57.743 [configTaskScheduler-6] [INFO ] [com.example.demo.service.ScheduleService] - schedule : save user list to database
2020-11-28 21:51:37.748 [configTaskScheduler-6] [INFO ] [com.example.demo.service.ScheduleService] - schedule : save user list to database
2020-11-28 21:53:17.753 [configTaskScheduler-3] [INFO ] [com.example.demo.service.ScheduleService] - schedule : save user list to database
2020-11-28 21:54:57.759 [configTaskScheduler-10] [INFO ] [com.example.demo.service.ScheduleService] - schedule : save user list to database
2020-11-28 21:56:37.761 [configTaskScheduler-10] [INFO ] [com.example.demo.service.ScheduleService] - schedule : save user list to database
2020-11-28 21:58:17.766 [configTaskScheduler-2] [INFO ] [com.example.demo.service.ScheduleService] - schedule : save user list to database
2020-11-28 21:59:57.772 [configTaskScheduler-2] [INFO ] [com.example.demo.service.ScheduleService] - schedule : save user list to database
2020-11-28 22:01:37.777 [configTaskScheduler-5] [INFO ] [com.example.demo.service.ScheduleService] - schedule : save user list to database
2020-11-28 22:03:17.782 [configTaskScheduler-7] [INFO ] [com.example.demo.service.ScheduleService] - schedule : save user list to database
2020-11-28 22:04:57.788 [configTaskScheduler-7] [INFO ] [com.example.demo.service.ScheduleService] - schedule : save user list to database
2020-11-28 22:06:37.793 [configTaskScheduler-8] [INFO ] [com.example.demo.service.ScheduleService] - schedule : save user list to database
2020-11-28 22:08:17.795 [configTaskScheduler-8] [INFO ] [com.example.demo.service.ScheduleService] - schedule : save user list to database
2020-11-28 22:09:57.799 [configTaskScheduler-8] [INFO ] [com.example.demo.service.ScheduleService] - schedule : save user list to database
2020-11-28 22:11:37.801 [configTaskScheduler-8] [INFO ] [com.example.demo.service.ScheduleService] - schedule : save user list to database
2020-11-28 22:13:17.806 [configTaskScheduler-10] [INFO ] [com.example.demo.service.ScheduleService] - schedule : save user list to database
2020-11-28 22:14:57.810 [configTaskScheduler-9] [INFO ] [com.example.demo.service.ScheduleService] - schedule : save user list to database
2020-11-28 22:16:37.815 [configTaskScheduler-9] [INFO ] [com.example.demo.service.ScheduleService] - schedule : save user list to database
2020-11-28 22:18:17.821 [configTaskScheduler-9] [INFO ] [com.example.demo.service.ScheduleService] - schedule : save user list to database
2020-11-28 22:19:57.824 [configTaskScheduler-9] [INFO ] [com.example.demo.service.ScheduleService] - schedule : save user list to database
2020-11-28 22:21:37.829 [configTaskScheduler-7] [INFO ] [com.example.demo.service.ScheduleService] - schedule : save user list to database
2020-11-28 22:23:17.831 [configTaskScheduler-7] [INFO ] [com.example.demo.service.ScheduleService] - schedule : save user list to database
2020-11-28 22:24:57.838 [configTaskScheduler-3] [INFO ] [com.example.demo.service.ScheduleService] - schedule : save user list to database
2020-11-28 22:26:37.843 [configTaskScheduler-3] [INFO ] [com.example.demo.service.ScheduleService] - schedule : save user list to database
2020-11-28 22:28:17.845 [configTaskScheduler-3] [INFO ] [com.example.demo.service.ScheduleService] - schedule : save user list to database
2020-11-28 22:29:57.848 [configTaskScheduler-3] [INFO ] [com.example.demo.service.ScheduleService] - schedule : save user list to database
2020-11-28 22:31:37.853 [configTaskScheduler-2] [INFO ] [com.example.demo.service.ScheduleService] - schedule : save user list to database
2020-11-28 22:33:17.856 [configTaskScheduler-2] [INFO ] [com.example.demo.service.ScheduleService] - schedule : save user list to database
2020-11-28 22:34:57.861 [configTaskScheduler-2] [INFO ] [com.example.demo.service.ScheduleService] - schedule : save user list to database
2020-11-28 22:36:37.865 [configTaskScheduler-2] [INFO ] [com.example.demo.service.ScheduleService] - schedule : save user list to database
2020-11-28 22:38:17.869 [configTaskScheduler-6] [INFO ] [com.example.demo.service.ScheduleService] - schedule : save user list to database
2020-11-28 22:39:57.872 [configTaskScheduler-7] [INFO ] [com.example.demo.service.ScheduleService] - schedule : save user list to database
2020-11-28 22:41:37.875 [configTaskScheduler-7] [INFO ] [com.example.demo.service.ScheduleService] - schedule : save user list to database
2020-11-28 22:43:17.878 [configTaskScheduler-7] [INFO ] [com.example.demo.service.ScheduleService] - schedule : save user list to database
2020-11-28 22:44:57.880 [configTaskScheduler-7] [INFO ] [com.example.demo.service.ScheduleService] - schedule : save user list to database
2020-11-28 22:46:37.884 [configTaskScheduler-3] [INFO ] [com.example.demo.service.ScheduleService] - schedule : save user list to database
2020-11-28 22:48:17.887 [configTaskScheduler-3] [INFO ] [com.example.demo.service.ScheduleService] - schedule : save user list to database
2020-11-28 22:49:57.890 [configTaskScheduler-3] [INFO ] [com.example.demo.service.ScheduleService] - schedule : save user list to database
2020-11-28 22:51:37.893 [configTaskScheduler-3] [INFO ] [com.example.demo.service.ScheduleService] - schedule : save user list to database
2020-11-28 22:53:17.896 [configTaskScheduler-2] [INFO ] [com.example.demo.service.ScheduleService] - schedule : save user list to database
2020-11-28 22:54:57.899 [configTaskScheduler-6] [INFO ] [com.example.demo.service.ScheduleService] - schedule : save user list to database
2020-11-28 22:56:37.902 [configTaskScheduler-6] [INFO ] [com.example.demo.service.ScheduleService] - schedule : save user list to database
2020-11-28 22:58:17.905 [configTaskScheduler-6] [INFO ] [com.example.demo.service.ScheduleService] - schedule : save user list to database
2020-11-28 22:59:57.908 [configTaskScheduler-6] [INFO ] [com.example.demo.service.ScheduleService] - schedule : save user list to database
2020-11-28 23:01:37.911 [configTaskScheduler-6] [INFO ] [com.example.demo.service.ScheduleService] - schedule : save user list to database
2020-11-28 23:03:17.913 [configTaskScheduler-6] [INFO ] [com.example.demo.service.ScheduleService] - schedule : save user list to database
2020-11-28 23:04:57.917 [configTaskScheduler-6] [INFO ] [com.example.demo.service.ScheduleService] - schedule : save user list to database
2020-11-28 23:06:37.920 [configTaskScheduler-6] [INFO ] [com.example.demo.service.ScheduleService] - schedule : save user list to database
2020-11-28 23:08:17.923 [configTaskScheduler-6] [INFO ] [com.example.demo.service.ScheduleService] - schedule : save user list to database
2020-11-28 23:09:57.925 [configTaskScheduler-2] [INFO ] [com.example.demo.service.ScheduleService] - schedule : save user list to database
2020-11-28 23:11:37.928 [configTaskScheduler-2] [INFO ] [com.example.demo.service.ScheduleService] - schedule : save user list to database
2020-11-28 23:13:17.931 [configTaskScheduler-2] [INFO ] [com.example.demo.service.ScheduleService] - schedule : save user list to database
2020-11-28 23:14:57.933 [configTaskScheduler-10] [INFO ] [com.example.demo.service.ScheduleService] - schedule : save user list to database
2020-11-28 23:16:37.936 [configTaskScheduler-10] [INFO ] [com.example.demo.service.ScheduleService] - schedule : save user list to database
2020-11-28 23:18:17.939 [configTaskScheduler-10] [INFO ] [com.example.demo.service.ScheduleService] - schedule : save user list to database
2020-11-28 23:19:57.941 [configTaskScheduler-10] [INFO ] [com.example.demo.service.ScheduleService] - schedule : save user list to database
2020-11-28 23:21:37.943 [configTaskScheduler-10] [INFO ] [com.example.demo.service.ScheduleService] - schedule : save user list to database
2020-11-28 23:23:17.946 [configTaskScheduler-3] [INFO ] [com.example.demo.service.ScheduleService] - schedule : save user list to database
2020-11-28 23:24:57.949 [configTaskScheduler-3] [INFO ] [com.example.demo.service.ScheduleService] - schedule : save user list to database
2020-11-28 23:26:37.952 [configTaskScheduler-3] [INFO ] [com.example.demo.service.ScheduleService] - schedule : save user list to database
2020-11-28 23:28:17.955 [configTaskScheduler-3] [INFO ] [com.example.demo.service.ScheduleService] - schedule : save user list to database
2020-11-28 23:29:57.958 [configTaskScheduler-3] [INFO ] [com.example.demo.service.ScheduleService] - schedule : save user list to database
2020-11-28 23:31:37.961 [configTaskScheduler-7] [INFO ] [com.example.demo.service.ScheduleService] - schedule : save user list to database
2020-11-28 23:33:17.964 [configTaskScheduler-7] [INFO ] [com.example.demo.service.ScheduleService] - schedule : save user list to database
2020-11-28 23:34:57.967 [configTaskScheduler-7] [INFO ] [com.example.demo.service.ScheduleService] - schedule : save user list to database
2020-11-28 23:36:37.970 [configTaskScheduler-7] [INFO ] [com.example.demo.service.ScheduleService] - schedule : save user list to database
2020-11-28 23:38:17.973 [configTaskScheduler-10] [INFO ] [com.example.demo.service.ScheduleService] - schedule : save user list to database
2020-11-28 23:39:57.975 [configTaskScheduler-6] [INFO ] [com.example.demo.service.ScheduleService] - schedule : save user list to database
2020-11-28 23:41:37.978 [configTaskScheduler-6] [INFO ] [com.example.demo.service.ScheduleService] - schedule : save user list to database
2020-11-28 23:43:17.980 [configTaskScheduler-6] [INFO ] [com.example.demo.service.ScheduleService] - schedule : save user list to database
2020-11-28 23:44:57.983 [configTaskScheduler-2] [INFO ] [com.example.demo.service.ScheduleService] - schedule : save user list to database
2020-11-28 23:46:37.986 [configTaskScheduler-3] [INFO ] [com.example.demo.service.ScheduleService] - schedule : save user list to database
2020-11-28 23:48:17.989 [configTaskScheduler-3] [INFO ] [com.example.demo.service.ScheduleService] - schedule : save user list to database
2020-11-28 23:49:57.992 [configTaskScheduler-3] [INFO ] [com.example.demo.service.ScheduleService] - schedule : save user list to database
2020-11-28 23:51:37.994 [configTaskScheduler-3] [INFO ] [com.example.demo.service.ScheduleService] - schedule : save user list to database
2020-11-28 23:53:17.996 [configTaskScheduler-7] [INFO ] [com.example.demo.service.ScheduleService] - schedule : save user list to database
2020-11-28 23:54:57.999 [configTaskScheduler-10] [INFO ] [com.example.demo.service.ScheduleService] - schedule : save user list to database
2020-11-28 23:56:38.002 [configTaskScheduler-10] [INFO ] [com.example.demo.service.ScheduleService] - schedule : save user list to database
2020-11-28 23:58:18.004 [configTaskScheduler-10] [INFO ] [com.example.demo.service.ScheduleService] - schedule : save user list to database
2020-11-28 23:59:58.007 [configTaskScheduler-10] [INFO ] [com.example.demo.service.ScheduleService] - schedule : save user list to database
